Using pre-set license
Built from '2022.3/staging' branch; Version is '2022.3.47f1 (88c277b85d21) revision 8962679'; Using compiler version '192829333'; Build Type 'Release'
OS: 'Windows 10  (10.0.19045) 64bit ProfessionalEducation' Language: 'en' Physical Memory: 16328 MB
BatchMode: 1, IsHumanControllingUs: 0, StartBugReporterOnCrash: 0, Is64bit: 1, IsPro: 1

COMMAND LINE ARGUMENTS:
C:\Program Files\Unity\Hub\Editor\2022.3.47f1\Editor\Unity.exe
-adb2
-batchMode
-noUpm
-name
AssetImportWorker0
-projectPath
E:/Main Storage/School Stuff/LEVELDES/DelaCruz_Gorgonio_Malinis_Q
-logFile
Logs/AssetImportWorker0.log
-srvPort
61392
Successfully changed project path to: E:/Main Storage/School Stuff/LEVELDES/DelaCruz_Gorgonio_Malinis_Q
E:/Main Storage/School Stuff/LEVELDES/DelaCruz_Gorgonio_Malinis_Q
[UnityMemory] Configuration Parameters - Can be set up in boot.config
    "memorysetup-bucket-allocator-granularity=16"
    "memorysetup-bucket-allocator-bucket-count=8"
    "memorysetup-bucket-allocator-block-size=33554432"
    "memorysetup-bucket-allocator-block-count=8"
    "memorysetup-main-allocator-block-size=16777216"
    "memorysetup-thread-allocator-block-size=16777216"
    "memorysetup-gfx-main-allocator-block-size=16777216"
    "memorysetup-gfx-thread-allocator-block-size=16777216"
    "memorysetup-cache-allocator-block-size=4194304"
    "memorysetup-typetree-allocator-block-size=2097152"
    "memorysetup-profiler-bucket-allocator-granularity=16"
    "memorysetup-profiler-bucket-allocator-bucket-count=8"
    "memorysetup-profiler-bucket-allocator-block-size=33554432"
    "memorysetup-profiler-bucket-allocator-block-count=8"
    "memorysetup-profiler-allocator-block-size=16777216"
    "memorysetup-profiler-editor-allocator-block-size=1048576"
    "memorysetup-temp-allocator-size-main=16777216"
    "memorysetup-job-temp-allocator-block-size=2097152"
    "memorysetup-job-temp-allocator-block-size-background=1048576"
    "memorysetup-job-temp-allocator-reduction-small-platforms=262144"
    "memorysetup-allocator-temp-initial-block-size-main=262144"
    "memorysetup-allocator-temp-initial-block-size-worker=262144"
    "memorysetup-temp-allocator-size-background-worker=32768"
    "memorysetup-temp-allocator-size-job-worker=262144"
    "memorysetup-temp-allocator-size-preload-manager=33554432"
    "memorysetup-temp-allocator-size-nav-mesh-worker=65536"
    "memorysetup-temp-allocator-size-audio-worker=65536"
    "memorysetup-temp-allocator-size-cloud-worker=32768"
    "memorysetup-temp-allocator-size-gi-baking-worker=262144"
    "memorysetup-temp-allocator-size-gfx=262144"
Player connection [20088]  Target information:

Player connection [20088]  * "[IP] 192.168.56.1 [Port] 0 [Flags] 2 [Guid] 3115382788 [EditorId] 3115382788 [Version] 1048832 [Id] WindowsEditor(7,CL2-16) [Debug] 1 [PackageName] WindowsEditor [ProjectName] Editor" 

Player connection [20088]  * "[IP] 172.16.56.235 [Port] 0 [Flags] 2 [Guid] 3115382788 [EditorId] 3115382788 [Version] 1048832 [Id] WindowsEditor(7,CL2-16) [Debug] 1 [PackageName] WindowsEditor [ProjectName] Editor" 

Player connection [20088] Host joined multi-casting on [225.0.0.222:54997]...
Player connection [20088] Host joined alternative multi-casting on [225.0.0.222:34997]...
[PhysX] Initialized MultithreadedTaskDispatcher with 8 workers.
Refreshing native plugins compatible for Editor in 75.93 ms, found 3 plugins.
Preloading 0 native plugins for Editor in 0.00 ms.
Initialize engine version: 2022.3.47f1 (88c277b85d21)
[Subsystems] Discovering subsystems at path C:/Program Files/Unity/Hub/Editor/2022.3.47f1/Editor/Data/Resources/UnitySubsystems
[Subsystems] Discovering subsystems at path E:/Main Storage/School Stuff/LEVELDES/DelaCruz_Gorgonio_Malinis_Q/Assets
GfxDevice: creating device client; threaded=0; jobified=0
Direct3D:
    Version:  Direct3D 11.0 [level 11.0]
    Renderer: NVIDIA GeForce GT 630 (ID=0xfc2)
    Vendor:   NVIDIA
    VRAM:     2007 MB
    Driver:   30.0.14.7514
Initialize mono
Mono path[0] = 'C:/Program Files/Unity/Hub/Editor/2022.3.47f1/Editor/Data/Managed'
Mono path[1] = 'C:/Program Files/Unity/Hub/Editor/2022.3.47f1/Editor/Data/MonoBleedingEdge/lib/mono/unityjit-win32'
Mono config path = 'C:/Program Files/Unity/Hub/Editor/2022.3.47f1/Editor/Data/MonoBleedingEdge/etc'
Using monoOptions --debugger-agent=transport=dt_socket,embedding=1,server=y,suspend=n,address=127.0.0.1:56084
Begin MonoManager ReloadAssembly
Registering precompiled unity dll's ...
Register platform support module: C:/Program Files/Unity/Hub/Editor/2022.3.47f1/Editor/Data/PlaybackEngines/AndroidPlayer/UnityEditor.Android.Extensions.dll
Register platform support module: C:/Program Files/Unity/Hub/Editor/2022.3.47f1/Editor/Data/PlaybackEngines/WindowsStandaloneSupport/UnityEditor.WindowsStandalone.Extensions.dll
Registered in 0.029289 seconds.
- Loaded All Assemblies, in  0.890 seconds
Native extension for WindowsStandalone target not found
Native extension for Android target not found
Android Extension - Scanning For ADB Devices 1791 ms
Mono: successfully reloaded assembly
- Finished resetting the current domain, in  2.422 seconds
Domain Reload Profiling: 3306ms
	BeginReloadAssembly (297ms)
		ExecutionOrderSort (0ms)
		DisableScriptedObjects (0ms)
		BackupInstance (0ms)
		ReleaseScriptingObjects (0ms)
		CreateAndSetChildDomain (1ms)
	RebuildCommonClasses (81ms)
	RebuildNativeTypeToScriptingClass (18ms)
	initialDomainReloadingComplete (134ms)
	LoadAllAssembliesAndSetupDomain (354ms)
		LoadAssemblies (298ms)
		RebuildTransferFunctionScriptingTraits (0ms)
		AnalyzeDomain (343ms)
			TypeCache.Refresh (341ms)
				TypeCache.ScanAssembly (312ms)
			ScanForSourceGeneratedMonoScriptInfo (0ms)
			ResolveRequiredComponents (1ms)
	FinalizeReload (2422ms)
		ReleaseScriptCaches (0ms)
		RebuildScriptCaches (0ms)
		SetupLoadedEditorAssemblies (2340ms)
			LogAssemblyErrors (0ms)
			InitializePlatformSupportModulesInManaged (1996ms)
			SetLoadedEditorAssemblies (15ms)
			RefreshPlugins (0ms)
			BeforeProcessingInitializeOnLoad (7ms)
			ProcessInitializeOnLoadAttributes (247ms)
			ProcessInitializeOnLoadMethodAttributes (76ms)
			AfterProcessingInitializeOnLoad (0ms)
			EditorAssembliesLoaded (0ms)
		ExecutionOrderSort2 (0ms)
		AwakeInstancesAfterBackupRestoration (0ms)
========================================================================
Worker process is ready to serve import requests
Caller must complete domain reload
Begin MonoManager ReloadAssembly
- Loaded All Assemblies, in  5.687 seconds
Native extension for WindowsStandalone target not found
Native extension for Android target not found
Mono: successfully reloaded assembly
- Finished resetting the current domain, in  1.142 seconds
Domain Reload Profiling: 6826ms
	BeginReloadAssembly (3189ms)
		ExecutionOrderSort (0ms)
		DisableScriptedObjects (9ms)
		BackupInstance (0ms)
		ReleaseScriptingObjects (0ms)
		CreateAndSetChildDomain (27ms)
	RebuildCommonClasses (1644ms)
	RebuildNativeTypeToScriptingClass (24ms)
	initialDomainReloadingComplete (72ms)
	LoadAllAssembliesAndSetupDomain (755ms)
		LoadAssemblies (3521ms)
		RebuildTransferFunctionScriptingTraits (0ms)
		AnalyzeDomain (322ms)
			TypeCache.Refresh (278ms)
				TypeCache.ScanAssembly (246ms)
			ScanForSourceGeneratedMonoScriptInfo (25ms)
			ResolveRequiredComponents (17ms)
	FinalizeReload (1143ms)
		ReleaseScriptCaches (0ms)
		RebuildScriptCaches (0ms)
		SetupLoadedEditorAssemblies (842ms)
			LogAssemblyErrors (0ms)
			InitializePlatformSupportModulesInManaged (46ms)
			SetLoadedEditorAssemblies (7ms)
			RefreshPlugins (0ms)
			BeforeProcessingInitializeOnLoad (92ms)
			ProcessInitializeOnLoadAttributes (631ms)
			ProcessInitializeOnLoadMethodAttributes (49ms)
			AfterProcessingInitializeOnLoad (16ms)
			EditorAssembliesLoaded (0ms)
		ExecutionOrderSort2 (0ms)
		AwakeInstancesAfterBackupRestoration (20ms)
Launched and connected shader compiler UnityShaderCompiler.exe after 0.50 seconds
Refreshing native plugins compatible for Editor in 28.40 ms, found 3 plugins.
Preloading 0 native plugins for Editor in 0.00 ms.
Unloading 3241 Unused Serialized files (Serialized files now loaded: 0)
Unloading 20 unused Assets / (55.1 KB). Loaded Objects now: 3727.
Memory consumption went from 131.2 MB to 131.1 MB.
Total: 8.918100 ms (FindLiveObjects: 0.613700 ms CreateObjectMapping: 0.200100 ms MarkObjects: 7.966700 ms  DeleteObjects: 0.135900 ms)

AssetImportParameters requested are different than current active one (requested -> active):
  custom:container-demuxer-ogg: 62fdf1f143b41e24485cea50d1cbac27 -> 
  custom:video-decoder-ogg-theora: a1e56fd34408186e4bbccfd4996cb3dc -> 
  custom:framework-win-MediaFoundation: 216162199b28c13a410421893ffa2e32 -> 
  custom:CustomObjectIndexerAttribute: 9a22284fe3817be447336de3de66b15e -> 
  custom:container-demuxer-webm: 4f35f7cbe854078d1ac9338744f61a02 -> 
  custom:container-muxer-webm: aa71ff27fc2769a1b78a27578f13a17b -> 
  custom:video-decoder-webm-vp8: 9c59270c3fd7afecdb556c50c9e8de78 -> 
  custom:SearchIndexIgnoredProperties: e643bd26f0fe6173181afceb89e7c659 -> 
  custom:AudioImporter_EditorPlatform: d09bf68614088b80899f8185d706f6e7 -> 
  custom:video-encoder-webm-vp8: eb34c28f22e8b96e1ab97ce403110664 -> 
  custom:audio-decoder-ogg-vorbis: bf7c407c2cedff20999df2af8eb42d56 -> 
  custom:audio-encoder-webm-vorbis: bf7c407c2cedff20999df2af8eb42d56 -> 
========================================================================
Received Import Request.
  Time since last request: 2219.496145 seconds.
  path: Assets/TerrainData_7a6ec4fe-264d-43a3-aaf0-4f75f68f97d2.asset
  artifactKey: Guid(add3bbaed62faef4883e86d728471ccc) Importer(815301076,1909f56bfc062723c751e8b465ee728b)
Start importing Assets/TerrainData_7a6ec4fe-264d-43a3-aaf0-4f75f68f97d2.asset using Guid(add3bbaed62faef4883e86d728471ccc) Importer(815301076,1909f56bfc062723c751e8b465ee728b) [PhysX] Initialized MultithreadedTaskDispatcher with 8 workers.
[PhysX] Initialized MultithreadedTaskDispatcher with 8 workers.
[PhysX] Initialized MultithreadedTaskDispatcher with 8 workers.
 -> (artifact id: '3d36421c80e7f67a419ee4fccdce8b58') in 0.260241 seconds
Number of updated asset objects reloaded before import = 0
Number of asset objects unloaded after import = 4
========================================================================
Received Import Request.
  Time since last request: 0.000061 seconds.
  path: Assets/TerrainData_72275619-c617-499a-9b70-5b1d0072896b.asset
  artifactKey: Guid(2da5c6a64d9dbd0488934bf9ccfc19a8) Importer(815301076,1909f56bfc062723c751e8b465ee728b)
Start importing Assets/TerrainData_72275619-c617-499a-9b70-5b1d0072896b.asset using Guid(2da5c6a64d9dbd0488934bf9ccfc19a8) Importer(815301076,1909f56bfc062723c751e8b465ee728b) [PhysX] Initialized MultithreadedTaskDispatcher with 8 workers.
[PhysX] Initialized MultithreadedTaskDispatcher with 8 workers.
 -> (artifact id: '7d132ed0271b590f90952b4cc7ddb8bd') in 0.126204 seconds
Number of updated asset objects reloaded before import = 0
Number of asset objects unloaded after import = 3
========================================================================
Received Import Request.
  Time since last request: 0.000046 seconds.
  path: Assets/TerrainData_0916d36f-d20d-49c6-920c-a7cdb2d9e9a0.asset
  artifactKey: Guid(3b5664b72f0c64540b71585ec845e788) Importer(815301076,1909f56bfc062723c751e8b465ee728b)
Start importing Assets/TerrainData_0916d36f-d20d-49c6-920c-a7cdb2d9e9a0.asset using Guid(3b5664b72f0c64540b71585ec845e788) Importer(815301076,1909f56bfc062723c751e8b465ee728b) [PhysX] Initialized MultithreadedTaskDispatcher with 8 workers.
[PhysX] Initialized MultithreadedTaskDispatcher with 8 workers.
[PhysX] Initialized MultithreadedTaskDispatcher with 8 workers.
 -> (artifact id: '17417a450b7246807551aa20c5975416') in 0.121359 seconds
Number of updated asset objects reloaded before import = 0
Number of asset objects unloaded after import = 4
========================================================================
Received Import Request.
  Time since last request: 0.000030 seconds.
  path: Assets/New Terrain 3.asset
  artifactKey: Guid(6954d6aaa80172342991446dec7473a5) Importer(815301076,1909f56bfc062723c751e8b465ee728b)
Start importing Assets/New Terrain 3.asset using Guid(6954d6aaa80172342991446dec7473a5) Importer(815301076,1909f56bfc062723c751e8b465ee728b) [PhysX] Initialized MultithreadedTaskDispatcher with 8 workers.
[PhysX] Initialized MultithreadedTaskDispatcher with 8 workers.
[PhysX] Initialized MultithreadedTaskDispatcher with 8 workers.
 -> (artifact id: '91737705a7b7e65863ac580b1191e896') in 0.116530 seconds
Number of updated asset objects reloaded before import = 0
Number of asset objects unloaded after import = 4
========================================================================
Received Import Request.
  Time since last request: 0.000035 seconds.
  path: Assets/TerrainData_af73d267-9a6b-45eb-bd88-84f7b5176863.asset
  artifactKey: Guid(0f1e13a8ff903f04cbb226d9d8795b54) Importer(815301076,1909f56bfc062723c751e8b465ee728b)
Start importing Assets/TerrainData_af73d267-9a6b-45eb-bd88-84f7b5176863.asset using Guid(0f1e13a8ff903f04cbb226d9d8795b54) Importer(815301076,1909f56bfc062723c751e8b465ee728b) [PhysX] Initialized MultithreadedTaskDispatcher with 8 workers.
[PhysX] Initialized MultithreadedTaskDispatcher with 8 workers.
[PhysX] Initialized MultithreadedTaskDispatcher with 8 workers.
 -> (artifact id: 'fd39f931e4be9724da0020941e609f96') in 0.256637 seconds
Number of updated asset objects reloaded before import = 0
Number of asset objects unloaded after import = 4
========================================================================
Received Import Request.
  Time since last request: 0.000039 seconds.
  path: Assets/New Terrain.asset
  artifactKey: Guid(80a27202e88ce264dbb0a65502dfa661) Importer(815301076,1909f56bfc062723c751e8b465ee728b)
Start importing Assets/New Terrain.asset using Guid(80a27202e88ce264dbb0a65502dfa661) Importer(815301076,1909f56bfc062723c751e8b465ee728b) [PhysX] Initialized MultithreadedTaskDispatcher with 8 workers.
[PhysX] Initialized MultithreadedTaskDispatcher with 8 workers.
[PhysX] Initialized MultithreadedTaskDispatcher with 8 workers.
 -> (artifact id: '21595b4e353f141fcd1e66c451abb5f7') in 0.135385 seconds
Number of updated asset objects reloaded before import = 0
Number of asset objects unloaded after import = 4
========================================================================
Received Import Request.
  Time since last request: 0.000045 seconds.
  path: Assets/Blue.mat
  artifactKey: Guid(7f6d587d0c48e114889065ed344f29ae) Importer(815301076,1909f56bfc062723c751e8b465ee728b)
Start importing Assets/Blue.mat using Guid(7f6d587d0c48e114889065ed344f29ae) Importer(815301076,1909f56bfc062723c751e8b465ee728b) [PhysX] Initialized MultithreadedTaskDispatcher with 8 workers.
[PhysX] Initialized MultithreadedTaskDispatcher with 8 workers.
 -> (artifact id: 'e2d122d90bece79e61e2b1d840807f5e') in 0.722295 seconds
Number of updated asset objects reloaded before import = 0
Number of asset objects unloaded after import = 1
========================================================================
Received Import Request.
  Time since last request: 5.093561 seconds.
  path: Assets/Scripts/Player.cs
  artifactKey: Guid(bd7f50e23439e9d4981e983524615e8d) Importer(815301076,1909f56bfc062723c751e8b465ee728b)
Start importing Assets/Scripts/Player.cs using Guid(bd7f50e23439e9d4981e983524615e8d) Importer(815301076,1909f56bfc062723c751e8b465ee728b) [PhysX] Initialized MultithreadedTaskDispatcher with 8 workers.
 -> (artifact id: '8a22534b5076572875a933ee419afdf1') in 0.000848 seconds
Number of updated asset objects reloaded before import = 0
Number of asset objects unloaded after import = 0
========================================================================
Received Prepare
Caller must complete domain reload
Begin MonoManager ReloadAssembly
Symbol file LoadedFromMemory is not a mono symbol file
- Loaded All Assemblies, in  1.459 seconds
Native extension for WindowsStandalone target not found
Native extension for Android target not found
Mono: successfully reloaded assembly
- Finished resetting the current domain, in  3.261 seconds
Domain Reload Profiling: 4713ms
	BeginReloadAssembly (369ms)
		ExecutionOrderSort (0ms)
		DisableScriptedObjects (15ms)
		BackupInstance (0ms)
		ReleaseScriptingObjects (0ms)
		CreateAndSetChildDomain (58ms)
	RebuildCommonClasses (90ms)
	RebuildNativeTypeToScriptingClass (35ms)
	initialDomainReloadingComplete (109ms)
	LoadAllAssembliesAndSetupDomain (849ms)
		LoadAssemblies (848ms)
		RebuildTransferFunctionScriptingTraits (0ms)
		AnalyzeDomain (239ms)
			TypeCache.Refresh (191ms)
				TypeCache.ScanAssembly (159ms)
			ScanForSourceGeneratedMonoScriptInfo (24ms)
			ResolveRequiredComponents (21ms)
	FinalizeReload (3262ms)
		ReleaseScriptCaches (0ms)
		RebuildScriptCaches (0ms)
		SetupLoadedEditorAssemblies (830ms)
			LogAssemblyErrors (0ms)
			InitializePlatformSupportModulesInManaged (44ms)
			SetLoadedEditorAssemblies (8ms)
			RefreshPlugins (0ms)
			BeforeProcessingInitializeOnLoad (127ms)
			ProcessInitializeOnLoadAttributes (572ms)
			ProcessInitializeOnLoadMethodAttributes (60ms)
			AfterProcessingInitializeOnLoad (20ms)
			EditorAssembliesLoaded (0ms)
		ExecutionOrderSort2 (0ms)
		AwakeInstancesAfterBackupRestoration (16ms)
Refreshing native plugins compatible for Editor in 29.36 ms, found 3 plugins.
Preloading 0 native plugins for Editor in 0.00 ms.
Unloading 3274 Unused Serialized files (Serialized files now loaded: 0)
Unloading 23 unused Assets / (32.7 KB). Loaded Objects now: 3806.
Memory consumption went from 136.1 MB to 136.1 MB.
Total: 4.114700 ms (FindLiveObjects: 0.315000 ms CreateObjectMapping: 0.220400 ms MarkObjects: 3.514200 ms  DeleteObjects: 0.063800 ms)

Prepare: number of updated asset objects reloaded= 0
AssetImportParameters requested are different than current active one (requested -> active):
  custom:scripting/monoscript/fileName/MQTTnetInitializer.cs: 9e656e5f576c4841819098860447978b -> 
  custom:scripting/monoscript/fileName/Monitor.cs: f556d188b7ca12fe4d428121a8c214a8 -> 
  custom:scripting/monoscript/fileName/MQTTnetPublisher.cs: 064076b53d8b742e8bf48fd90e0ae3eb -> 
  custom:container-demuxer-ogg: 62fdf1f143b41e24485cea50d1cbac27 -> 
  custom:scripting/monoscript/fileName/UnityInputManager.cs: b6091236a7cc9e58c2b61e914fc7aea5 -> 
  custom:scripting/monoscript/fileName/Text2Yaml.cs: a0988f34ddad48ebd4f2626c7f3f27d3 -> 
  custom:scripting/monoscript/fileName/RegistryMonitor.cs: 3cb9c97ed86280a8c111de4803a77c6c -> 
  custom:video-decoder-ogg-theora: a1e56fd34408186e4bbccfd4996cb3dc -> 
  custom:scripting/monoscript/fileName/Cleanup.cs: bef21fcedbc18ac2e1db77c407fe57c7 -> 
  custom:framework-win-MediaFoundation: 216162199b28c13a410421893ffa2e32 -> 
  custom:scripting/monoscript/fileName/UnitySink.cs: a875c7c74ab4bbb81847c3c2d0de7ada -> 
  custom:scripting/precompiled-assembly-types:MerryYellow.CodeAssist.Editor: c2f94815fabf769256cf7cedb25778de -> 
  custom:scripting/monoscript/fileName/MainThreadDispatcher.cs: 89e998a9ac7bdacc31324b290a820c8f -> 
  custom:scripting/precompiled-assembly-types:Meryel.UnityCodeAssist.Synchronizer: 3d6954cebc2c40e2e81937bf45ea84ac -> 
  custom:CustomObjectIndexerAttribute: 9a22284fe3817be447336de3de66b15e -> 
  custom:scripting/monoscript/fileName/EditorWindowCoroutineExtension.cs: d64d683dbfac38ca155374af1b12eeb8 -> 8c612763925b943c64e54855c759cc9e
  custom:scripting/monoscript/fileName/EditorWaitForSeconds.cs: 510ee50028b26dd4a9f1a22ca8298028 -> 136f9181567622a0dc32613566fb6f9c
  custom:container-demuxer-webm: 4f35f7cbe854078d1ac9338744f61a02 -> 
  custom:scripting/precompiled-assembly-types:Meryel.UnityCodeAssist.ProjectData: 1f800d5f45a29edf28b6e4f7a6f47150 -> 
  custom:scripting/precompiled-assembly-types:Meryel.UnityCodeAssist.YamlDotNet: 83f2883553a8b3bfe60611f2390ceaa5 -> 
  custom:scripting/precompiled-assembly-types:Meryel.UnityCodeAssist.MQTTnet.Extensions.ManagedClient: 0693e5ac510eb4b9554f95060efcdbbd -> 
  custom:scripting/precompiled-assembly-types:Meryel.UnityCodeAssist.SynchronizerModel: e0e3d881378cf178601f1f7fc4378680 -> 
  custom:scripting/monoscript/fileName/AboutWindow.cs: 512b85efd787f8273ef0f9c2477cf07f -> 
  custom:scripting/monoscript/fileName/LoggerExtensions.cs: 1d28518520693641a54fcf23cec841b9 -> 
  custom:scripting/monoscript/fileName/ScriptFinder.cs: b9e1ac08f906cc731ea8bf64d469b623 -> 
  custom:scripting/monoscript/fileName/Updater.cs: 4ea97f12e32ae6c016bc8907a41b3ab5 -> 
  custom:container-muxer-webm: aa71ff27fc2769a1b78a27578f13a17b -> 
  custom:video-decoder-webm-vp8: 9c59270c3fd7afecdb556c50c9e8de78 -> 
  custom:scripting/monoscript/fileName/CommonTools.cs: 278653462f2db102ad1741afe6881824 -> 
  custom:scripting/monoscript/fileName/Binary2TextExec.cs: 7ebc40f030e741de21ceb27af0cb23b0 -> 
  custom:scripting/precompiled-assembly-types:Meryel.UnityCodeAssist.MQTTnet: 0d9eaa32e3719d13cfba902e8122cf75 -> 
  custom:SearchIndexIgnoredProperties: e643bd26f0fe6173181afceb89e7c659 -> 
  custom:AudioImporter_EditorPlatform: d09bf68614088b80899f8185d706f6e7 -> 
  custom:scripting/monoscript/fileName/InputManagerMonitor.cs: 59142a1652ae3152143e25ef1012c5f3 -> 
  custom:scripting/monoscript/fileName/SelfDeletingScript.cs: f6b4852470e58ea4e4fc46f7aff45e60 -> 
  custom:scripting/monoscript/fileName/AnalyzerPostProcessor.cs: 5d2027b6fd6705154d854bf754132645 -> 
  custom:scripting/monoscript/fileName/EditorCoroutineUtility.cs: 9770fe4dc0df9e423b1201511039f12f -> 8120324be4f28417c9962bc3a65d04a0
  custom:scripting/monoscript/fileName/PreferenceStorageAccessor.cs: 7d01473d60052477a39cd2870249b4a7 -> 
  custom:scripting/monoscript/fileName/PreferenceMonitor.cs: 0d33d17a3251699878216182282fdd62 -> 
  custom:video-encoder-webm-vp8: eb34c28f22e8b96e1ab97ce403110664 -> 
  custom:scripting/monoscript/fileName/PreferenceEntryHolder.cs: ec926340b1714ce885026d0722d49fbe -> 
  custom:audio-decoder-ogg-vorbis: bf7c407c2cedff20999df2af8eb42d56 -> 
  custom:scripting/monoscript/fileName/StatusWindow.cs: 1e4ad9b719d27d12258b15cbafda15d1 -> 
  custom:scripting/monoscript/fileName/LazyInitializer.cs: 094423b64098cb47444795ea371bbda0 -> 
  custom:scripting/monoscript/fileName/FeedbackWindow.cs: 9d903438e2434e78ab4aa32777ee98c2 -> 
  custom:scripting/monoscript/fileName/UnityClassExtensions.cs: 999f7d356ef98366f19f8cd32a4a52f6 -> 
  custom:scripting/monoscript/fileName/EditorCoroutine.cs: 0fbc48fdc11514ca3f8792f18201401b -> ecfde58f5f2276c57435e977dfe7f74c
  custom:scripting/monoscript/fileName/Assister.cs: c371462cfe6d101cf7e512888add1a69 -> 
  custom:scripting/monoscript/fileName/UnityEditorShell.cs: 2d9abe447a60ad29dc661dc2902c463a -> 
  custom:audio-encoder-webm-vorbis: bf7c407c2cedff20999df2af8eb42d56 -> 
  custom:scripting/precompiled-assembly-types:Meryel.UnityCodeAssist.Logger: fa8dac0eb16861b9b88ece3bc6e21f05 -> 
  custom:scripting/precompiled-assembly-types:Meryel.UnityCodeAssist.Newtonsoft.Json: 8442dc3af9acd7a37486ed44a674f5e6 -> 
========================================================================
Received Prepare
Caller must complete domain reload
Begin MonoManager ReloadAssembly
Symbol file LoadedFromMemory is not a mono symbol file
- Loaded All Assemblies, in  1.724 seconds
Native extension for WindowsStandalone target not found
Native extension for Android target not found
Mono: successfully reloaded assembly
- Finished resetting the current domain, in  3.120 seconds
Domain Reload Profiling: 4839ms
	BeginReloadAssembly (488ms)
		ExecutionOrderSort (0ms)
		DisableScriptedObjects (16ms)
		BackupInstance (0ms)
		ReleaseScriptingObjects (0ms)
		CreateAndSetChildDomain (69ms)
	RebuildCommonClasses (73ms)
	RebuildNativeTypeToScriptingClass (33ms)
	initialDomainReloadingComplete (88ms)
	LoadAllAssembliesAndSetupDomain (1036ms)
		LoadAssemblies (1239ms)
		RebuildTransferFunctionScriptingTraits (0ms)
		AnalyzeDomain (132ms)
			TypeCache.Refresh (25ms)
				TypeCache.ScanAssembly (5ms)
			ScanForSourceGeneratedMonoScriptInfo (47ms)
			ResolveRequiredComponents (57ms)
	FinalizeReload (3121ms)
		ReleaseScriptCaches (0ms)
		RebuildScriptCaches (0ms)
		SetupLoadedEditorAssemblies (748ms)
			LogAssemblyErrors (0ms)
			InitializePlatformSupportModulesInManaged (43ms)
			SetLoadedEditorAssemblies (6ms)
			RefreshPlugins (0ms)
			BeforeProcessingInitializeOnLoad (120ms)
			ProcessInitializeOnLoadAttributes (499ms)
			ProcessInitializeOnLoadMethodAttributes (65ms)
			AfterProcessingInitializeOnLoad (14ms)
			EditorAssembliesLoaded (0ms)
		ExecutionOrderSort2 (0ms)
		AwakeInstancesAfterBackupRestoration (24ms)
Refreshing native plugins compatible for Editor in 99.54 ms, found 3 plugins.
Preloading 0 native plugins for Editor in 0.00 ms.
Unloading 3274 Unused Serialized files (Serialized files now loaded: 0)
Unloading 23 unused Assets / (32.8 KB). Loaded Objects now: 3809.
Memory consumption went from 136.4 MB to 136.3 MB.
Total: 12.560400 ms (FindLiveObjects: 0.603000 ms CreateObjectMapping: 0.178300 ms MarkObjects: 11.686200 ms  DeleteObjects: 0.090700 ms)

Prepare: number of updated asset objects reloaded= 0
AssetImportParameters requested are different than current active one (requested -> active):
  custom:scripting/monoscript/fileName/MQTTnetInitializer.cs: 9e656e5f576c4841819098860447978b -> 
  custom:scripting/monoscript/fileName/Monitor.cs: f556d188b7ca12fe4d428121a8c214a8 -> 
  custom:scripting/monoscript/fileName/MQTTnetPublisher.cs: 064076b53d8b742e8bf48fd90e0ae3eb -> 
  custom:container-demuxer-ogg: 62fdf1f143b41e24485cea50d1cbac27 -> 
  custom:scripting/monoscript/fileName/UnityInputManager.cs: b6091236a7cc9e58c2b61e914fc7aea5 -> 
  custom:scripting/monoscript/fileName/Text2Yaml.cs: a0988f34ddad48ebd4f2626c7f3f27d3 -> 
  custom:scripting/monoscript/fileName/RegistryMonitor.cs: 3cb9c97ed86280a8c111de4803a77c6c -> 
  custom:video-decoder-ogg-theora: a1e56fd34408186e4bbccfd4996cb3dc -> 
  custom:scripting/monoscript/fileName/Cleanup.cs: bef21fcedbc18ac2e1db77c407fe57c7 -> 
  custom:framework-win-MediaFoundation: 216162199b28c13a410421893ffa2e32 -> 
  custom:scripting/monoscript/fileName/UnitySink.cs: a875c7c74ab4bbb81847c3c2d0de7ada -> 
  custom:scripting/precompiled-assembly-types:MerryYellow.CodeAssist.Editor: c824bbffa94689da87aa3b7c6b4a403a -> 
  custom:scripting/monoscript/fileName/MainThreadDispatcher.cs: 89e998a9ac7bdacc31324b290a820c8f -> 
  custom:scripting/precompiled-assembly-types:Meryel.UnityCodeAssist.Synchronizer: 3d6954cebc2c40e2e81937bf45ea84ac -> 
  custom:CustomObjectIndexerAttribute: 9a22284fe3817be447336de3de66b15e -> 
  custom:scripting/monoscript/fileName/EditorWindowCoroutineExtension.cs: d64d683dbfac38ca155374af1b12eeb8 -> 8c612763925b943c64e54855c759cc9e
  custom:scripting/monoscript/fileName/EditorWaitForSeconds.cs: 510ee50028b26dd4a9f1a22ca8298028 -> 136f9181567622a0dc32613566fb6f9c
  custom:container-demuxer-webm: 4f35f7cbe854078d1ac9338744f61a02 -> 
  custom:scripting/precompiled-assembly-types:Meryel.UnityCodeAssist.ProjectData: 1f800d5f45a29edf28b6e4f7a6f47150 -> 
  custom:scripting/precompiled-assembly-types:Meryel.UnityCodeAssist.YamlDotNet: 83f2883553a8b3bfe60611f2390ceaa5 -> 
  custom:scripting/precompiled-assembly-types:Meryel.UnityCodeAssist.MQTTnet.Extensions.ManagedClient: 0693e5ac510eb4b9554f95060efcdbbd -> 
  custom:scripting/precompiled-assembly-types:Meryel.UnityCodeAssist.SynchronizerModel: e0e3d881378cf178601f1f7fc4378680 -> 
  custom:scripting/monoscript/fileName/AboutWindow.cs: 512b85efd787f8273ef0f9c2477cf07f -> 
  custom:scripting/monoscript/fileName/LoggerExtensions.cs: 1d28518520693641a54fcf23cec841b9 -> 
  custom:scripting/monoscript/fileName/ScriptFinder.cs: b9e1ac08f906cc731ea8bf64d469b623 -> 
  custom:scripting/monoscript/fileName/Updater.cs: 4ea97f12e32ae6c016bc8907a41b3ab5 -> 
  custom:container-muxer-webm: aa71ff27fc2769a1b78a27578f13a17b -> 
  custom:video-decoder-webm-vp8: 9c59270c3fd7afecdb556c50c9e8de78 -> 
  custom:scripting/monoscript/fileName/CommonTools.cs: 278653462f2db102ad1741afe6881824 -> 
  custom:scripting/monoscript/fileName/Binary2TextExec.cs: 7ebc40f030e741de21ceb27af0cb23b0 -> 
  custom:scripting/precompiled-assembly-types:Meryel.UnityCodeAssist.MQTTnet: 0d9eaa32e3719d13cfba902e8122cf75 -> 
  custom:SearchIndexIgnoredProperties: e643bd26f0fe6173181afceb89e7c659 -> 
  custom:AudioImporter_EditorPlatform: d09bf68614088b80899f8185d706f6e7 -> 
  custom:scripting/monoscript/fileName/InputManagerMonitor.cs: 59142a1652ae3152143e25ef1012c5f3 -> 
  custom:scripting/monoscript/fileName/SelfDeletingScript.cs: f6b4852470e58ea4e4fc46f7aff45e60 -> 
  custom:scripting/monoscript/fileName/AnalyzerPostProcessor.cs: 5d2027b6fd6705154d854bf754132645 -> 
  custom:scripting/monoscript/fileName/EditorCoroutineUtility.cs: 9770fe4dc0df9e423b1201511039f12f -> 8120324be4f28417c9962bc3a65d04a0
  custom:scripting/monoscript/fileName/PreferenceStorageAccessor.cs: 7d01473d60052477a39cd2870249b4a7 -> 
  custom:scripting/monoscript/fileName/PreferenceMonitor.cs: 0d33d17a3251699878216182282fdd62 -> 
  custom:video-encoder-webm-vp8: eb34c28f22e8b96e1ab97ce403110664 -> 
  custom:scripting/monoscript/fileName/PreferenceEntryHolder.cs: ec926340b1714ce885026d0722d49fbe -> 
  custom:audio-decoder-ogg-vorbis: bf7c407c2cedff20999df2af8eb42d56 -> 
  custom:scripting/monoscript/fileName/StatusWindow.cs: 1e4ad9b719d27d12258b15cbafda15d1 -> 
  custom:scripting/monoscript/fileName/LazyInitializer.cs: 094423b64098cb47444795ea371bbda0 -> 
  custom:scripting/monoscript/fileName/FeedbackWindow.cs: 9d903438e2434e78ab4aa32777ee98c2 -> 
  custom:scripting/monoscript/fileName/UnityClassExtensions.cs: 999f7d356ef98366f19f8cd32a4a52f6 -> 
  custom:scripting/monoscript/fileName/EditorCoroutine.cs: 0fbc48fdc11514ca3f8792f18201401b -> ecfde58f5f2276c57435e977dfe7f74c
  custom:scripting/monoscript/fileName/Assister.cs: c371462cfe6d101cf7e512888add1a69 -> 
  custom:scripting/monoscript/fileName/UnityEditorShell.cs: 2d9abe447a60ad29dc661dc2902c463a -> 
  custom:audio-encoder-webm-vorbis: bf7c407c2cedff20999df2af8eb42d56 -> 
  custom:scripting/precompiled-assembly-types:Meryel.UnityCodeAssist.Logger: fa8dac0eb16861b9b88ece3bc6e21f05 -> 
  custom:scripting/precompiled-assembly-types:Meryel.UnityCodeAssist.Newtonsoft.Json: 8442dc3af9acd7a37486ed44a674f5e6 -> 
